app/build/intermediates/manifest_merge_blame_file/debug/manifest-merger-blame-debug-report.txt
1<?xml version="1.0" encoding="utf-8"?>
2<manifest xmlns:android="http://schemas.android.com/apk/res/android"
3    package="uit.ensak.dish_wish_frontend"
4    android:versionCode="1"
5    android:versionName="1.0" >
6
7    <uses-sdk
8        android:minSdkVersion="24"
9        android:targetSdkVersion="34" />
10
11    <uses-permission android:name="android.permission.INTERNET" />
11-->src\main\AndroidManifest.xml:5:5-67
11-->src\main\AndroidManifest.xml:5:22-64
12    <uses-permission android:name="android.permission.ACCESS_NETWORK_STATE" />
12-->src\main\AndroidManifest.xml:6:5-79
12-->src\main\AndroidManifest.xml:6:22-76
13    <uses-permission android:name="android.permission.READ_EXTERNAL_STORAGE" />
13-->src\main\AndroidManifest.xml:7:5-80
13-->src\main\AndroidManifest.xml:7:22-77
14    <uses-permission android:name="android.permission.ACCESS_FINE_LOCATION" />
14-->src\main\AndroidManifest.xml:8:5-79
14-->src\main\AndroidManifest.xml:8:22-76
15    <uses-permission android:name="android.permission.ACCESS_COARSE_LOCATION" />
15-->src\main\AndroidManifest.xml:9:5-81
15-->src\main\AndroidManifest.xml:9:22-78
16    <uses-permission android:name="android.permission.ACCESS_BACKGROUND_LOCATION" />
16-->src\main\AndroidManifest.xml:10:5-85
16-->src\main\AndroidManifest.xml:10:22-82
17
18    <uses-feature
18-->[com.google.android.gms:play-services-maps:18.0.0] AndroidManifest.xml:26:5-28:35
19        android:glEsVersion="0x00020000"
19-->[com.google.android.gms:play-services-maps:18.0.0] AndroidManifest.xml:27:9-41
20        android:required="true" />
20-->[com.google.android.gms:play-services-maps:18.0.0] AndroidManifest.xml:28:9-32
21
22    <queries>
22-->[com.google.android.gms:play-services-maps:18.0.0] AndroidManifest.xml:30:5-34:15
23
24        <!-- Needs to be explicitly declared on Android R+ -->
25        <package android:name="com.google.android.apps.maps" />
25-->[com.google.android.gms:play-services-maps:18.0.0] AndroidManifest.xml:33:9-64
25-->[com.google.android.gms:play-services-maps:18.0.0] AndroidManifest.xml:33:18-61
26    </queries>
27
28    <permission
28-->[androidx.core:core:1.9.0] AndroidManifest.xml:22:5-24:47
29        android:name="uit.ensak.dish_wish_frontend.DYNAMIC_RECEIVER_NOT_EXPORTED_PERMISSION"
29-->[androidx.core:core:1.9.0] AndroidManifest.xml:23:9-81
30        android:protectionLevel="signature" />
30-->[androidx.core:core:1.9.0] AndroidManifest.xml:24:9-44
31
32    <uses-permission android:name="uit.ensak.dish_wish_frontend.DYNAMIC_RECEIVER_NOT_EXPORTED_PERMISSION" />
32-->[androidx.core:core:1.9.0] AndroidManifest.xml:26:5-97
32-->[androidx.core:core:1.9.0] AndroidManifest.xml:26:22-94
33
34    <application
34-->src\main\AndroidManifest.xml:12:5-91:19
35        android:allowBackup="true"
35-->src\main\AndroidManifest.xml:13:9-35
36        android:appComponentFactory="androidx.core.app.CoreComponentFactory"
36-->[androidx.core:core:1.9.0] AndroidManifest.xml:28:18-86
37        android:dataExtractionRules="@xml/data_extraction_rules"
37-->src\main\AndroidManifest.xml:14:9-65
38        android:debuggable="true"
39        android:extractNativeLibs="false"
40        android:fullBackupContent="@xml/backup_rules"
40-->src\main\AndroidManifest.xml:15:9-54
41        android:icon="@mipmap/ic_launcher_foreground"
41-->src\main\AndroidManifest.xml:16:9-54
42        android:label="@string/app_name"
42-->src\main\AndroidManifest.xml:17:9-41
43        android:roundIcon="@mipmap/ic_launcher_foreground"
43-->src\main\AndroidManifest.xml:18:9-59
44        android:supportsRtl="true"
44-->src\main\AndroidManifest.xml:19:9-35
45        android:testOnly="true"
46        android:theme="@style/Theme.Dishwishfrontend"
46-->src\main\AndroidManifest.xml:20:9-54
47        android:usesCleartextTraffic="true" >
47-->src\main\AndroidManifest.xml:21:9-44
48
49        <!--
50             TODO: Before you run your application, you need a Google Maps API key.
51
52             To get one, follow the directions here:
53
54                https://developers.google.com/maps/documentation/android-sdk/get-api-key
55
56             Once you have your API key (it starts with "AIza"), define a new property in your
57             project's local.properties file (e.g. MAPS_API_KEY=Aiza...), and replace the
58             "YOUR_API_KEY" string in this file with "${MAPS_API_KEY}".
59        -->
60        <meta-data
60-->src\main\AndroidManifest.xml:35:9-37:71
61            android:name="com.google.android.geo.API_KEY"
61-->src\main\AndroidManifest.xml:36:13-58
62            android:value="AIzaSyBg391xSsnzo4MMW2r6su_K3TESamD1vVI" />
62-->src\main\AndroidManifest.xml:37:13-68
63        <meta-data
63-->src\main\AndroidManifest.xml:38:9-40:57
64            android:name="preloaded_fonts"
64-->src\main\AndroidManifest.xml:39:13-43
65            android:resource="@array/preloaded_fonts" />
65-->src\main\AndroidManifest.xml:40:13-54
66
67        <activity
67-->src\main\AndroidManifest.xml:43:9-53:20
68            android:name="uit.ensak.dish_wish_frontend.Authentification.page_acceuil"
68-->src\main\AndroidManifest.xml:44:13-58
69            android:exported="true"
69-->src\main\AndroidManifest.xml:45:13-36
70            android:label="@string/app_name"
70-->src\main\AndroidManifest.xml:46:13-45
71            android:theme="@style/Theme.Dishwishfrontend.NoActionBar" >
71-->src\main\AndroidManifest.xml:47:13-70
72            <intent-filter>
72-->src\main\AndroidManifest.xml:48:13-52:29
73                <action android:name="android.intent.action.MAIN" />
73-->src\main\AndroidManifest.xml:49:17-69
73-->src\main\AndroidManifest.xml:49:25-66
74
75                <category android:name="android.intent.category.LAUNCHER" />
75-->src\main\AndroidManifest.xml:51:17-77
75-->src\main\AndroidManifest.xml:51:27-74
76            </intent-filter>
77        </activity>
78        <activity
78-->src\main\AndroidManifest.xml:56:9-59:72
79            android:name="uit.ensak.dish_wish_frontend.history_folder.HistoryActivity"
79-->src\main\AndroidManifest.xml:57:13-59
80            android:exported="false"
80-->src\main\AndroidManifest.xml:58:13-37
81            android:theme="@style/Theme.Dishwishfrontend.NoActionBar" />
81-->src\main\AndroidManifest.xml:59:13-70
82        <activity
82-->src\main\AndroidManifest.xml:60:9-62:40
83            android:name="uit.ensak.dish_wish_frontend.Command.MapsHomeActivity"
83-->src\main\AndroidManifest.xml:61:13-53
84            android:exported="false" />
84-->src\main\AndroidManifest.xml:62:13-37
85        <activity
85-->src\main\AndroidManifest.xml:63:9-66:72
86            android:name="uit.ensak.dish_wish_frontend.Profil_Folder.become_cook"
86-->src\main\AndroidManifest.xml:64:13-54
87            android:exported="false"
87-->src\main\AndroidManifest.xml:65:13-37
88            android:theme="@style/Theme.Dishwishfrontend.NoActionBar" />
88-->src\main\AndroidManifest.xml:66:13-70
89        <activity
89-->src\main\AndroidManifest.xml:67:9-70:72
90            android:name="uit.ensak.dish_wish_frontend.Profil_Folder.change_profile"
90-->src\main\AndroidManifest.xml:68:13-57
91            android:exported="false"
91-->src\main\AndroidManifest.xml:69:13-37
92            android:theme="@style/Theme.Dishwishfrontend.NoActionBar" />
92-->src\main\AndroidManifest.xml:70:13-70
93        <activity
93-->src\main\AndroidManifest.xml:71:9-74:72
94            android:name="uit.ensak.dish_wish_frontend.Profil_Folder.view_profile"
94-->src\main\AndroidManifest.xml:72:13-55
95            android:exported="false"
95-->src\main\AndroidManifest.xml:73:13-37
96            android:theme="@style/Theme.Dishwishfrontend.NoActionBar" />
96-->src\main\AndroidManifest.xml:74:13-70
97        <activity
97-->src\main\AndroidManifest.xml:75:9-78:72
98            android:name="uit.ensak.dish_wish_frontend.Command.MapsChefActivity"
98-->src\main\AndroidManifest.xml:76:13-53
99            android:exported="false"
99-->src\main\AndroidManifest.xml:77:13-37
100            android:theme="@style/Theme.Dishwishfrontend.NoActionBar" />
100-->src\main\AndroidManifest.xml:78:13-70
101        <activity
101-->src\main\AndroidManifest.xml:79:9-82:72
102            android:name="uit.ensak.dish_wish_frontend.Authentification.connect"
102-->src\main\AndroidManifest.xml:80:13-53
103            android:exported="false"
103-->src\main\AndroidManifest.xml:81:13-37
104            android:theme="@style/Theme.Dishwishfrontend.NoActionBar" />
104-->src\main\AndroidManifest.xml:82:13-70
105        <activity
105-->src\main\AndroidManifest.xml:83:9-86:72
106            android:name="uit.ensak.dish_wish_frontend.Authentification.terms"
106-->src\main\AndroidManifest.xml:84:13-51
107            android:exported="false"
107-->src\main\AndroidManifest.xml:85:13-37
108            android:theme="@style/Theme.Dishwishfrontend.NoActionBar" />
108-->src\main\AndroidManifest.xml:86:13-70
109        <activity
109-->src\main\AndroidManifest.xml:87:9-90:72
110            android:name="uit.ensak.dish_wish_frontend.Authentification.createAcciunt"
110-->src\main\AndroidManifest.xml:88:13-59
111            android:exported="false"
111-->src\main\AndroidManifest.xml:89:13-37
112            android:theme="@style/Theme.Dishwishfrontend.NoActionBar" />
112-->src\main\AndroidManifest.xml:90:13-70
113        <activity
113-->[androidx.compose.ui:ui-tooling:1.4.0] AndroidManifest.xml:23:9-25:39
114            android:name="androidx.compose.ui.tooling.PreviewActivity"
114-->[androidx.compose.ui:ui-tooling:1.4.0] AndroidManifest.xml:24:13-71
115            android:exported="true" />
115-->[androidx.compose.ui:ui-tooling:1.4.0] AndroidManifest.xml:25:13-36
116        <activity
116-->[androidx.compose.ui:ui-test-manifest:1.4.0] AndroidManifest.xml:23:9-25:39
117            android:name="androidx.activity.ComponentActivity"
117-->[androidx.compose.ui:ui-test-manifest:1.4.0] AndroidManifest.xml:24:13-63
118            android:exported="true" /> <!-- Needs to be explicitly declared on P+ -->
118-->[androidx.compose.ui:ui-test-manifest:1.4.0] AndroidManifest.xml:25:13-36
119        <uses-library
119-->[com.google.android.gms:play-services-maps:18.0.0] AndroidManifest.xml:39:9-41:40
120            android:name="org.apache.http.legacy"
120-->[com.google.android.gms:play-services-maps:18.0.0] AndroidManifest.xml:40:13-50
121            android:required="false" />
121-->[com.google.android.gms:play-services-maps:18.0.0] AndroidManifest.xml:41:13-37
122
123        <activity
123-->[com.google.android.gms:play-services-base:18.1.0] AndroidManifest.xml:20:9-22:45
124            android:name="com.google.android.gms.common.api.GoogleApiActivity"
124-->[com.google.android.gms:play-services-base:18.1.0] AndroidManifest.xml:20:19-85
125            android:exported="false"
125-->[com.google.android.gms:play-services-base:18.1.0] AndroidManifest.xml:22:19-43
126            android:theme="@android:style/Theme.Translucent.NoTitleBar" />
126-->[com.google.android.gms:play-services-base:18.1.0] AndroidManifest.xml:21:19-78
127
128        <meta-data
128-->[com.google.android.gms:play-services-basement:18.1.0] AndroidManifest.xml:21:9-23:69
129            android:name="com.google.android.gms.version"
129-->[com.google.android.gms:play-services-basement:18.1.0] AndroidManifest.xml:22:13-58
130            android:value="@integer/google_play_services_version" />
130-->[com.google.android.gms:play-services-basement:18.1.0] AndroidManifest.xml:23:13-66
131
132        <provider
132-->[androidx.emoji2:emoji2:1.3.0] AndroidManifest.xml:24:9-32:20
133            android:name="androidx.startup.InitializationProvider"
133-->[androidx.emoji2:emoji2:1.3.0] AndroidManifest.xml:25:13-67
134            android:authorities="uit.ensak.dish_wish_frontend.androidx-startup"
134-->[androidx.emoji2:emoji2:1.3.0] AndroidManifest.xml:26:13-68
135            android:exported="false" >
135-->[androidx.emoji2:emoji2:1.3.0] AndroidManifest.xml:27:13-37
136            <meta-data
136-->[androidx.emoji2:emoji2:1.3.0] AndroidManifest.xml:29:13-31:52
137                android:name="androidx.emoji2.text.EmojiCompatInitializer"
137-->[androidx.emoji2:emoji2:1.3.0] AndroidManifest.xml:30:17-75
138                android:value="androidx.startup" />
138-->[androidx.emoji2:emoji2:1.3.0] AndroidManifest.xml:31:17-49
139            <meta-data
139-->[androidx.lifecycle:lifecycle-process:2.6.2] AndroidManifest.xml:29:13-31:52
140                android:name="androidx.lifecycle.ProcessLifecycleInitializer"
140-->[androidx.lifecycle:lifecycle-process:2.6.2] AndroidManifest.xml:30:17-78
141                android:value="androidx.startup" />
141-->[androidx.lifecycle:lifecycle-process:2.6.2] AndroidManifest.xml:31:17-49
142            <meta-data
142-->[androidx.profileinstaller:profileinstaller:1.3.0] AndroidManifest.xml:29:13-31:52
143                android:name="androidx.profileinstaller.ProfileInstallerInitializer"
143-->[androidx.profileinstaller:profileinstaller:1.3.0] AndroidManifest.xml:30:17-85
144                android:value="androidx.startup" />
144-->[androidx.profileinstaller:profileinstaller:1.3.0] AndroidManifest.xml:31:17-49
145        </provider>
146
147        <uses-library
147-->[androidx.window:window:1.0.0] AndroidManifest.xml:25:9-27:40
148            android:name="androidx.window.extensions"
148-->[androidx.window:window:1.0.0] AndroidManifest.xml:26:13-54
149            android:required="false" />
149-->[androidx.window:window:1.0.0] AndroidManifest.xml:27:13-37
150        <uses-library
150-->[androidx.window:window:1.0.0] AndroidManifest.xml:28:9-30:40
151            android:name="androidx.window.sidecar"
151-->[androidx.window:window:1.0.0] AndroidManifest.xml:29:13-51
152            android:required="false" />
152-->[androidx.window:window:1.0.0] AndroidManifest.xml:30:13-37
153
154        <receiver
154-->[androidx.profileinstaller:profileinstaller:1.3.0] AndroidManifest.xml:34:9-52:20
155            android:name="androidx.profileinstaller.ProfileInstallReceiver"
155-->[androidx.profileinstaller:profileinstaller:1.3.0] AndroidManifest.xml:35:13-76
156            android:directBootAware="false"
156-->[androidx.profileinstaller:profileinstaller:1.3.0] AndroidManifest.xml:36:13-44
157            android:enabled="true"
157-->[androidx.profileinstaller:profileinstaller:1.3.0] AndroidManifest.xml:37:13-35
158            android:exported="true"
158-->[androidx.profileinstaller:profileinstaller:1.3.0] AndroidManifest.xml:38:13-36
159            android:permission="android.permission.DUMP" >
159-->[androidx.profileinstaller:profileinstaller:1.3.0] AndroidManifest.xml:39:13-57
160            <intent-filter>
160-->[androidx.profileinstaller:profileinstaller:1.3.0] AndroidManifest.xml:40:13-42:29
161                <action android:name="androidx.profileinstaller.action.INSTALL_PROFILE" />
161-->[androidx.profileinstaller:profileinstaller:1.3.0] AndroidManifest.xml:41:17-91
161-->[androidx.profileinstaller:profileinstaller:1.3.0] AndroidManifest.xml:41:25-88
162            </intent-filter>
163            <intent-filter>
163-->[androidx.profileinstaller:profileinstaller:1.3.0] AndroidManifest.xml:43:13-45:29
164                <action android:name="androidx.profileinstaller.action.SKIP_FILE" />
164-->[androidx.profileinstaller:profileinstaller:1.3.0] AndroidManifest.xml:44:17-85
164-->[androidx.profileinstaller:profileinstaller:1.3.0] AndroidManifest.xml:44:25-82
165            </intent-filter>
166            <intent-filter>
166-->[androidx.profileinstaller:profileinstaller:1.3.0] AndroidManifest.xml:46:13-48:29
167                <action android:name="androidx.profileinstaller.action.SAVE_PROFILE" />
167-->[androidx.profileinstaller:profileinstaller:1.3.0] AndroidManifest.xml:47:17-88
167-->[androidx.profileinstaller:profileinstaller:1.3.0] AndroidManifest.xml:47:25-85
168            </intent-filter>
169            <intent-filter>
169-->[androidx.profileinstaller:profileinstaller:1.3.0] AndroidManifest.xml:49:13-51:29
170                <action android:name="androidx.profileinstaller.action.BENCHMARK_OPERATION" />
170-->[androidx.profileinstaller:profileinstaller:1.3.0] AndroidManifest.xml:50:17-95
170-->[androidx.profileinstaller:profileinstaller:1.3.0] AndroidManifest.xml:50:25-92
171            </intent-filter>
172        </receiver>
173    </application>
174
175</manifest>